<?xml version="1.0" encoding="UTF-8"?>
<testng-results ignored="0" total="1" passed="1" failed="0" skipped="0">
  <reporter-output>
  </reporter-output>
  <suite started-at="2023-10-29T20:13:07 EDT" name="Default suite" finished-at="2023-10-29T20:13:25 EDT" duration-ms="18680">
    <groups>
      <group name="cucumber">
        <method signature="AbstractTestNGCucumberTests.feature(cucumber.api.testng.CucumberFeatureWrapper)[pri:0, instance:NEXTeTICKET_TestRunner.NEXTeTICKET_TestRunner@4e5ed836]" name="feature" class="cucumber.api.testng.AbstractTestNGCucumberTests"/>
      </group> <!-- cucumber -->
    </groups>
    <test started-at="2023-10-29T20:13:07 EDT" name="Default test" finished-at="2023-10-29T20:13:25 EDT" duration-ms="18680">
      <class name="NEXTeTICKET_TestRunner.NEXTeTICKET_TestRunner">
        <test-method is-config="true" signature="NextStartURL()[pri:0, instance:NEXTeTICKET_TestRunner.NEXTeTICKET_TestRunner@4e5ed836]" started-at="2023-10-29T20:13:07 EDT" name="NextStartURL" finished-at="2023-10-29T20:13:10 EDT" duration-ms="3760" status="PASS">
          <reporter-output>
          </reporter-output>
        </test-method> <!-- NextStartURL -->
        <test-method is-config="true" signature="setUpClass()[pri:0, instance:NEXTeTICKET_TestRunner.NEXTeTICKET_TestRunner@4e5ed836]" started-at="2023-10-29T20:13:11 EDT" name="setUpClass" finished-at="2023-10-29T20:13:11 EDT" duration-ms="114" status="PASS">
          <reporter-output>
          </reporter-output>
        </test-method> <!-- setUpClass -->
        <test-method signature="feature(cucumber.api.testng.CucumberFeatureWrapper)[pri:0, instance:NEXTeTICKET_TestRunner.NEXTeTICKET_TestRunner@4e5ed836]" started-at="2023-10-29T20:13:11 EDT" name="feature" description="Runs Cucumber Feature" data-provider="features" finished-at="2023-10-29T20:13:25 EDT" duration-ms="14371" status="PASS">
          <params>
            <param index="0">
              <value>
                <![CDATA[This is a feature for subscribe to newsletter functionality creation]]>
              </value>
            </param>
          </params>
          <reporter-output>
          </reporter-output>
        </test-method> <!-- feature -->
        <test-method is-config="true" signature="tearDownClass()[pri:0, instance:NEXTeTICKET_TestRunner.NEXTeTICKET_TestRunner@4e5ed836]" started-at="2023-10-29T20:13:25 EDT" name="tearDownClass" finished-at="2023-10-29T20:13:25 EDT" duration-ms="47" status="PASS">
          <reporter-output>
          </reporter-output>
        </test-method> <!-- tearDownClass -->
        <test-method is-config="true" signature="NextCloseURL()[pri:0, instance:NEXTeTICKET_TestRunner.NEXTeTICKET_TestRunner@4e5ed836]" started-at="2023-10-29T20:13:25 EDT" name="NextCloseURL" finished-at="2023-10-29T20:13:25 EDT" duration-ms="299" status="PASS">
          <reporter-output>
          </reporter-output>
        </test-method> <!-- NextCloseURL -->
      </class> <!-- NEXTeTICKET_TestRunner.NEXTeTICKET_TestRunner -->
    </test> <!-- Default test -->
  </suite> <!-- Default suite -->
</testng-results>
